This is pdfTeX, Version 3.14159265-2.6-1.40.16 (TeX Live 2015/Debian) (preloaded format=pdflatex 2017.8.23)  30 OCT 2017 21:18
entering extended mode
 restricted \write18 enabled.
 %&-line parsing enabled.
**lab01.tex
(./lab01.tex
LaTeX2e <2016/02/01>
Babel <3.9q> and hyphenation patterns for 29 language(s) loaded.
(/usr/share/texlive/texmf-dist/tex/latex/exam/exam.cls
Document Class: exam 2015/05/07 Version 2.5 by Philip Hirschhorn
(/usr/share/texlive/texmf-dist/tex/latex/base/ifthen.sty
Package: ifthen 2014/09/29 v1.1c Standard LaTeX ifthen package (DPC)
)
(/usr/share/texlive/texmf-dist/tex/latex/base/article.cls
Document Class: article 2014/09/29 v1.4h Standard LaTeX document class
(/usr/share/texlive/texmf-dist/tex/latex/base/size10.clo
File: size10.clo 2014/09/29 v1.4h Standard LaTeX file (size option)
)
\c@part=\count79
\c@section=\count80
\c@subsection=\count81
\c@subsubsection=\count82
\c@paragraph=\count83
\c@subparagraph=\count84
\c@figure=\count85
\c@table=\count86
\abovecaptionskip=\skip41
\belowcaptionskip=\skip42
\bibindent=\dimen102
)
\@extrawidth=\skip43
\@rightmargin=\skip44
\@extrahead=\skip45
\@extrafoot=\skip46
\run@exhd=\skip47
\fp@exhd=\skip48
\run@exft=\skip49
\fp@exft=\skip50
\covrun@exhd=\skip51
\covfp@exhd=\skip52
\covrun@exft=\skip53
\covfp@exft=\skip54
\c@num@coverpages=\count87
\c@latest@ques=\count88
\c@ques@end=\count89
\c@last@object=\count90
\c@incmp@ques=\count91
\c@next@ques=\count92
\c@next@page=\count93
\c@tmp@hlfcntr=\count94
\c@ifpos@cntr=\count95
\c@question=\count96
\c@partno=\count97
\c@subpart=\count98
\c@subsubpart=\count99
\c@choice=\count100
\c@numpoints=\count101
\c@numbonuspoints=\count102
\c@pointsof@thisquestion=\count103
\c@bonuspointsof@thisquestion=\count104
\c@numquestions=\count105
\c@numparts=\count106
\c@numsubparts=\count107
\c@numsubsubparts=\count108
\c@Curr@Page=\count109
\c@@pagepoints=\count110
\c@@pagebonuspoints=\count111
\c@pageof@pagepoints=\count112
\c@pageof@pagebonuspoints=\count113
\c@latest@points=\count114
\c@latest@bonuspoints=\count115
\pageinfo@commands=\toks14
\temp@toks=\toks15
\pagepoint@commands=\toks16
\point@toks=\toks17
\c@ques@object=\count116
\marginpointssep=\skip55
\rightpointsmargin=\skip56
\choice@toks=\toks18
\answerlinelength=\skip57
\answerskip=\skip58
\answerclearance=\skip59
\fillinlinelength=\skip60
\linefillheight=\skip61
\linefillthickness=\skip62
\dottedlinefillheight=\skip63
\gridsize=\skip64
\gridlinewidth=\skip65
\minboxheight=\skip66
\c@@iterator=\count117
\@cellwidth=\skip67
\c@tbl@points=\count118
\c@tbl@bonuspoints=\count119
\c@num@cols=\count120
\exam@box=\box26
\saved@totalleftmargin=\dimen103
\@sollistdepth=\count121
\FrameRule=\dimen104
\FrameSep=\dimen105
)
(/usr/share/texlive/texmf-dist/tex/generic/babel/babel.sty
Package: babel 2016/02/24 3.9q The Babel package

(/usr/share/texlive/texmf-dist/tex/generic/babel-croatian/croatian.ldf
Language: croatian 2014/03/31 v1.3m Croatian support from the babel system

(/usr/share/texlive/texmf-dist/tex/generic/babel/babel.def
File: babel.def 2016/02/24 3.9q Babel common definitions
\babel@savecnt=\count122
\U@D=\dimen106
)))
(/usr/share/texlive/texmf-dist/tex/latex/base/inputenc.sty
Package: inputenc 2015/03/17 v1.2c Input encoding file
\inpenc@prehook=\toks19
\inpenc@posthook=\toks20

(/usr/share/texlive/texmf-dist/tex/latex/base/utf8.def
File: utf8.def 2015/12/03 v1.1r UTF-8 support for inputenc
Now handling font encoding OML ...
... no UTF-8 mapping file for font encoding OML
Now handling font encoding T1 ...
... processing UTF-8 mapping file for font encoding T1

(/usr/share/texlive/texmf-dist/tex/latex/base/t1enc.dfu
File: t1enc.dfu 2015/12/03 v1.1r UTF-8 support for inputenc
   defining Unicode char U+00A0 (decimal 160)
   defining Unicode char U+00A1 (decimal 161)
   defining Unicode char U+00A3 (decimal 163)
   defining Unicode char U+00AB (decimal 171)
   defining Unicode char U+00AD (decimal 173)
   defining Unicode char U+00BB (decimal 187)
   defining Unicode char U+00BF (decimal 191)
   defining Unicode char U+00C0 (decimal 192)
   defining Unicode char U+00C1 (decimal 193)
   defining Unicode char U+00C2 (decimal 194)
   defining Unicode char U+00C3 (decimal 195)
   defining Unicode char U+00C4 (decimal 196)
   defining Unicode char U+00C5 (decimal 197)
   defining Unicode char U+00C6 (decimal 198)
   defining Unicode char U+00C7 (decimal 199)
   defining Unicode char U+00C8 (decimal 200)
   defining Unicode char U+00C9 (decimal 201)
   defining Unicode char U+00CA (decimal 202)
   defining Unicode char U+00CB (decimal 203)
   defining Unicode char U+00CC (decimal 204)
   defining Unicode char U+00CD (decimal 205)
   defining Unicode char U+00CE (decimal 206)
   defining Unicode char U+00CF (decimal 207)
   defining Unicode char U+00D0 (decimal 208)
   defining Unicode char U+00D1 (decimal 209)
   defining Unicode char U+00D2 (decimal 210)
   defining Unicode char U+00D3 (decimal 211)
   defining Unicode char U+00D4 (decimal 212)
   defining Unicode char U+00D5 (decimal 213)
   defining Unicode char U+00D6 (decimal 214)
   defining Unicode char U+00D8 (decimal 216)
   defining Unicode char U+00D9 (decimal 217)
   defining Unicode char U+00DA (decimal 218)
   defining Unicode char U+00DB (decimal 219)
   defining Unicode char U+00DC (decimal 220)
   defining Unicode char U+00DD (decimal 221)
   defining Unicode char U+00DE (decimal 222)
   defining Unicode char U+00DF (decimal 223)
   defining Unicode char U+00E0 (decimal 224)
   defining Unicode char U+00E1 (decimal 225)
   defining Unicode char U+00E2 (decimal 226)
   defining Unicode char U+00E3 (decimal 227)
   defining Unicode char U+00E4 (decimal 228)
   defining Unicode char U+00E5 (decimal 229)
   defining Unicode char U+00E6 (decimal 230)
   defining Unicode char U+00E7 (decimal 231)
   defining Unicode char U+00E8 (decimal 232)
   defining Unicode char U+00E9 (decimal 233)
   defining Unicode char U+00EA (decimal 234)
   defining Unicode char U+00EB (decimal 235)
   defining Unicode char U+00EC (decimal 236)
   defining Unicode char U+00ED (decimal 237)
   defining Unicode char U+00EE (decimal 238)
   defining Unicode char U+00EF (decimal 239)
   defining Unicode char U+00F0 (decimal 240)
   defining Unicode char U+00F1 (decimal 241)
   defining Unicode char U+00F2 (decimal 242)
   defining Unicode char U+00F3 (decimal 243)
   defining Unicode char U+00F4 (decimal 244)
   defining Unicode char U+00F5 (decimal 245)
   defining Unicode char U+00F6 (decimal 246)
   defining Unicode char U+00F8 (decimal 248)
   defining Unicode char U+00F9 (decimal 249)
   defining Unicode char U+00FA (decimal 250)
   defining Unicode char U+00FB (decimal 251)
   defining Unicode char U+00FC (decimal 252)
   defining Unicode char U+00FD (decimal 253)
   defining Unicode char U+00FE (decimal 254)
   defining Unicode char U+00FF (decimal 255)
   defining Unicode char U+0100 (decimal 256)
   defining Unicode char U+0101 (decimal 257)
   defining Unicode char U+0102 (decimal 258)
   defining Unicode char U+0103 (decimal 259)
   defining Unicode char U+0104 (decimal 260)
   defining Unicode char U+0105 (decimal 261)
   defining Unicode char U+0106 (decimal 262)
   defining Unicode char U+0107 (decimal 263)
   defining Unicode char U+0108 (decimal 264)
   defining Unicode char U+0109 (decimal 265)
   defining Unicode char U+010A (decimal 266)
   defining Unicode char U+010B (decimal 267)
   defining Unicode char U+010C (decimal 268)
   defining Unicode char U+010D (decimal 269)
   defining Unicode char U+010E (decimal 270)
   defining Unicode char U+010F (decimal 271)
   defining Unicode char U+0110 (decimal 272)
   defining Unicode char U+0111 (decimal 273)
   defining Unicode char U+0112 (decimal 274)
   defining Unicode char U+0113 (decimal 275)
   defining Unicode char U+0114 (decimal 276)
   defining Unicode char U+0115 (decimal 277)
   defining Unicode char U+0116 (decimal 278)
   defining Unicode char U+0117 (decimal 279)
   defining Unicode char U+0118 (decimal 280)
   defining Unicode char U+0119 (decimal 281)
   defining Unicode char U+011A (decimal 282)
   defining Unicode char U+011B (decimal 283)
   defining Unicode char U+011C (decimal 284)
   defining Unicode char U+011D (decimal 285)
   defining Unicode char U+011E (decimal 286)
   defining Unicode char U+011F (decimal 287)
   defining Unicode char U+0120 (decimal 288)
   defining Unicode char U+0121 (decimal 289)
   defining Unicode char U+0122 (decimal 290)
   defining Unicode char U+0123 (decimal 291)
   defining Unicode char U+0124 (decimal 292)
   defining Unicode char U+0125 (decimal 293)
   defining Unicode char U+0128 (decimal 296)
   defining Unicode char U+0129 (decimal 297)
   defining Unicode char U+012A (decimal 298)
   defining Unicode char U+012B (decimal 299)
   defining Unicode char U+012C (decimal 300)
   defining Unicode char U+012D (decimal 301)
   defining Unicode char U+012E (decimal 302)
   defining Unicode char U+012F (decimal 303)
   defining Unicode char U+0130 (decimal 304)
   defining Unicode char U+0131 (decimal 305)
   defining Unicode char U+0132 (decimal 306)
   defining Unicode char U+0133 (decimal 307)
   defining Unicode char U+0134 (decimal 308)
   defining Unicode char U+0135 (decimal 309)
   defining Unicode char U+0136 (decimal 310)
   defining Unicode char U+0137 (decimal 311)
   defining Unicode char U+0139 (decimal 313)
   defining Unicode char U+013A (decimal 314)
   defining Unicode char U+013B (decimal 315)
   defining Unicode char U+013C (decimal 316)
   defining Unicode char U+013D (decimal 317)
   defining Unicode char U+013E (decimal 318)
   defining Unicode char U+0141 (decimal 321)
   defining Unicode char U+0142 (decimal 322)
   defining Unicode char U+0143 (decimal 323)
   defining Unicode char U+0144 (decimal 324)
   defining Unicode char U+0145 (decimal 325)
   defining Unicode char U+0146 (decimal 326)
   defining Unicode char U+0147 (decimal 327)
   defining Unicode char U+0148 (decimal 328)
   defining Unicode char U+014A (decimal 330)
   defining Unicode char U+014B (decimal 331)
   defining Unicode char U+014C (decimal 332)
   defining Unicode char U+014D (decimal 333)
   defining Unicode char U+014E (decimal 334)
   defining Unicode char U+014F (decimal 335)
   defining Unicode char U+0150 (decimal 336)
   defining Unicode char U+0151 (decimal 337)
   defining Unicode char U+0152 (decimal 338)
   defining Unicode char U+0153 (decimal 339)
   defining Unicode char U+0154 (decimal 340)
   defining Unicode char U+0155 (decimal 341)
   defining Unicode char U+0156 (decimal 342)
   defining Unicode char U+0157 (decimal 343)
   defining Unicode char U+0158 (decimal 344)
   defining Unicode char U+0159 (decimal 345)
   defining Unicode char U+015A (decimal 346)
   defining Unicode char U+015B (decimal 347)
   defining Unicode char U+015C (decimal 348)
   defining Unicode char U+015D (decimal 349)
   defining Unicode char U+015E (decimal 350)
   defining Unicode char U+015F (decimal 351)
   defining Unicode char U+0160 (decimal 352)
   defining Unicode char U+0161 (decimal 353)
   defining Unicode char U+0162 (decimal 354)
   defining Unicode char U+0163 (decimal 355)
   defining Unicode char U+0164 (decimal 356)
   defining Unicode char U+0165 (decimal 357)
   defining Unicode char U+0168 (decimal 360)
   defining Unicode char U+0169 (decimal 361)
   defining Unicode char U+016A (decimal 362)
   defining Unicode char U+016B (decimal 363)
   defining Unicode char U+016C (decimal 364)
   defining Unicode char U+016D (decimal 365)
   defining Unicode char U+016E (decimal 366)
   defining Unicode char U+016F (decimal 367)
   defining Unicode char U+0170 (decimal 368)
   defining Unicode char U+0171 (decimal 369)
   defining Unicode char U+0172 (decimal 370)
   defining Unicode char U+0173 (decimal 371)
   defining Unicode char U+0174 (decimal 372)
   defining Unicode char U+0175 (decimal 373)
   defining Unicode char U+0176 (decimal 374)
   defining Unicode char U+0177 (decimal 375)
   defining Unicode char U+0178 (decimal 376)
   defining Unicode char U+0179 (decimal 377)
   defining Unicode char U+017A (decimal 378)
   defining Unicode char U+017B (decimal 379)
   defining Unicode char U+017C (decimal 380)
   defining Unicode char U+017D (decimal 381)
   defining Unicode char U+017E (decimal 382)
   defining Unicode char U+01CD (decimal 461)
   defining Unicode char U+01CE (decimal 462)
   defining Unicode char U+01CF (decimal 463)
   defining Unicode char U+01D0 (decimal 464)
   defining Unicode char U+01D1 (decimal 465)
   defining Unicode char U+01D2 (decimal 466)
   defining Unicode char U+01D3 (decimal 467)
   defining Unicode char U+01D4 (decimal 468)
   defining Unicode char U+01E2 (decimal 482)
   defining Unicode char U+01E3 (decimal 483)
   defining Unicode char U+01E6 (decimal 486)
   defining Unicode char U+01E7 (decimal 487)
   defining Unicode char U+01E8 (decimal 488)
   defining Unicode char U+01E9 (decimal 489)
   defining Unicode char U+01EA (decimal 490)
   defining Unicode char U+01EB (decimal 491)
   defining Unicode char U+01F0 (decimal 496)
   defining Unicode char U+01F4 (decimal 500)
   defining Unicode char U+01F5 (decimal 501)
   defining Unicode char U+0218 (decimal 536)
   defining Unicode char U+0219 (decimal 537)
   defining Unicode char U+021A (decimal 538)
   defining Unicode char U+021B (decimal 539)
   defining Unicode char U+01E02 (decimal 7682)
   defining Unicode char U+01E03 (decimal 7683)
   defining Unicode char U+200C (decimal 8204)
   defining Unicode char U+2013 (decimal 8211)
   defining Unicode char U+2014 (decimal 8212)
   defining Unicode char U+2018 (decimal 8216)
   defining Unicode char U+2019 (decimal 8217)
   defining Unicode char U+201A (decimal 8218)
   defining Unicode char U+201C (decimal 8220)
   defining Unicode char U+201D (decimal 8221)
   defining Unicode char U+201E (decimal 8222)
   defining Unicode char U+2030 (decimal 8240)
   defining Unicode char U+2031 (decimal 8241)
   defining Unicode char U+2039 (decimal 8249)
   defining Unicode char U+203A (decimal 8250)
   defining Unicode char U+2423 (decimal 9251)
)
Now handling font encoding OT1 ...
... processing UTF-8 mapping file for font encoding OT1

(/usr/share/texlive/texmf-dist/tex/latex/base/ot1enc.dfu
File: ot1enc.dfu 2015/12/03 v1.1r UTF-8 support for inputenc
   defining Unicode char U+00A0 (decimal 160)
   defining Unicode char U+00A1 (decimal 161)
   defining Unicode char U+00A3 (decimal 163)
   defining Unicode char U+00AD (decimal 173)
   defining Unicode char U+00B8 (decimal 184)
   defining Unicode char U+00BF (decimal 191)
   defining Unicode char U+00C5 (decimal 197)
   defining Unicode char U+00C6 (decimal 198)
   defining Unicode char U+00D8 (decimal 216)
   defining Unicode char U+00DF (decimal 223)
   defining Unicode char U+00E6 (decimal 230)
   defining Unicode char U+00EC (decimal 236)
   defining Unicode char U+00ED (decimal 237)
   defining Unicode char U+00EE (decimal 238)
   defining Unicode char U+00EF (decimal 239)
   defining Unicode char U+00F8 (decimal 248)
   defining Unicode char U+0131 (decimal 305)
   defining Unicode char U+0141 (decimal 321)
   defining Unicode char U+0142 (decimal 322)
   defining Unicode char U+0152 (decimal 338)
   defining Unicode char U+0153 (decimal 339)
   defining Unicode char U+0174 (decimal 372)
   defining Unicode char U+0175 (decimal 373)
   defining Unicode char U+0176 (decimal 374)
   defining Unicode char U+0177 (decimal 375)
   defining Unicode char U+0218 (decimal 536)
   defining Unicode char U+0219 (decimal 537)
   defining Unicode char U+021A (decimal 538)
   defining Unicode char U+021B (decimal 539)
   defining Unicode char U+2013 (decimal 8211)
   defining Unicode char U+2014 (decimal 8212)
   defining Unicode char U+2018 (decimal 8216)
   defining Unicode char U+2019 (decimal 8217)
   defining Unicode char U+201C (decimal 8220)
   defining Unicode char U+201D (decimal 8221)
)
Now handling font encoding OMS ...
... processing UTF-8 mapping file for font encoding OMS

(/usr/share/texlive/texmf-dist/tex/latex/base/omsenc.dfu
File: omsenc.dfu 2015/12/03 v1.1r UTF-8 support for inputenc
   defining Unicode char U+00A7 (decimal 167)
   defining Unicode char U+00B6 (decimal 182)
   defining Unicode char U+00B7 (decimal 183)
   defining Unicode char U+2020 (decimal 8224)
   defining Unicode char U+2021 (decimal 8225)
   defining Unicode char U+2022 (decimal 8226)
)
Now handling font encoding OMX ...
... no UTF-8 mapping file for font encoding OMX
Now handling font encoding U ...
... no UTF-8 mapping file for font encoding U
   defining Unicode char U+00A9 (decimal 169)
   defining Unicode char U+00AA (decimal 170)
   defining Unicode char U+00AE (decimal 174)
   defining Unicode char U+00BA (decimal 186)
   defining Unicode char U+02C6 (decimal 710)
   defining Unicode char U+02DC (decimal 732)
   defining Unicode char U+200C (decimal 8204)
   defining Unicode char U+2026 (decimal 8230)
   defining Unicode char U+2122 (decimal 8482)
   defining Unicode char U+2423 (decimal 9251)
))
(/usr/share/texlive/texmf-dist/tex/latex/xcolor/xcolor.sty
Package: xcolor 2007/01/21 v2.11 LaTeX color extensions (UK)

(/usr/share/texlive/texmf-dist/tex/latex/latexconfig/color.cfg
File: color.cfg 2007/01/18 v1.5 color configuration of teTeX/TeXLive
)
Package xcolor Info: Driver file: pdftex.def on input line 225.

(/usr/share/texlive/texmf-dist/tex/latex/pdftex-def/pdftex.def
File: pdftex.def 2011/05/27 v0.06d Graphics/color for pdfTeX

(/usr/share/texlive/texmf-dist/tex/generic/oberdiek/infwarerr.sty
Package: infwarerr 2010/04/08 v1.3 Providing info/warning/error messages (HO)
)
(/usr/share/texlive/texmf-dist/tex/generic/oberdiek/ltxcmds.sty
Package: ltxcmds 2011/11/09 v1.22 LaTeX kernel commands for general use (HO)
)
\Gread@gobject=\count123
)
Package xcolor Info: Model `cmy' substituted by `cmy0' on input line 1337.
Package xcolor Info: Model `hsb' substituted by `rgb' on input line 1341.
Package xcolor Info: Model `RGB' extended on input line 1353.
Package xcolor Info: Model `HTML' substituted by `rgb' on input line 1355.
Package xcolor Info: Model `Hsb' substituted by `hsb' on input line 1356.
Package xcolor Info: Model `tHsb' substituted by `hsb' on input line 1357.
Package xcolor Info: Model `HSB' substituted by `hsb' on input line 1358.
Package xcolor Info: Model `Gray' substituted by `gray' on input line 1359.
Package xcolor Info: Model `wave' substituted by `hsb' on input line 1360.
)
(/usr/share/texlive/texmf-dist/tex/latex/listings/listings.sty
(/usr/share/texlive/texmf-dist/tex/latex/graphics/keyval.sty
Package: keyval 2014/10/28 v1.15 key=value parser (DPC)
\KV@toks@=\toks21
)
\lst@mode=\count124
\lst@gtempboxa=\box27
\lst@token=\toks22
\lst@length=\count125
\lst@currlwidth=\dimen107
\lst@column=\count126
\lst@pos=\count127
\lst@lostspace=\dimen108
\lst@width=\dimen109
\lst@newlines=\count128
\lst@lineno=\count129
\lst@maxwidth=\dimen110

(/usr/share/texlive/texmf-dist/tex/latex/listings/lstmisc.sty
File: lstmisc.sty 2015/06/04 1.6 (Carsten Heinz)
\c@lstnumber=\count130
\lst@skipnumbers=\count131
\lst@framebox=\box28
)
(/usr/share/texlive/texmf-dist/tex/latex/listings/listings.cfg
File: listings.cfg 2015/06/04 1.6 listings configuration
))
Package: listings 2015/06/04 1.6 (Carsten Heinz)

(/usr/share/texlive/texmf-dist/tex/latex/hyperref/hyperref.sty
Package: hyperref 2012/11/06 v6.83m Hypertext links for LaTeX

(/usr/share/texlive/texmf-dist/tex/generic/oberdiek/hobsub-hyperref.sty
Package: hobsub-hyperref 2012/05/28 v1.13 Bundle oberdiek, subset hyperref (HO)


(/usr/share/texlive/texmf-dist/tex/generic/oberdiek/hobsub-generic.sty
Package: hobsub-generic 2012/05/28 v1.13 Bundle oberdiek, subset generic (HO)
Package: hobsub 2012/05/28 v1.13 Construct package bundles (HO)
Package hobsub Info: Skipping package `infwarerr' (already loaded).
Package hobsub Info: Skipping package `ltxcmds' (already loaded).
Package: ifluatex 2010/03/01 v1.3 Provides the ifluatex switch (HO)
Package ifluatex Info: LuaTeX not detected.
Package: ifvtex 2010/03/01 v1.5 Detect VTeX and its facilities (HO)
Package ifvtex Info: VTeX not detected.
Package: intcalc 2007/09/27 v1.1 Expandable calculations with integers (HO)
Package: ifpdf 2011/01/30 v2.3 Provides the ifpdf switch (HO)
Package ifpdf Info: pdfTeX in PDF mode is detected.
Package: etexcmds 2011/02/16 v1.5 Avoid name clashes with e-TeX commands (HO)
Package etexcmds Info: Could not find \expanded.
(etexcmds)             That can mean that you are not using pdfTeX 1.50 or
(etexcmds)             that some package has redefined \expanded.
(etexcmds)             In the latter case, load this package earlier.
Package: kvsetkeys 2012/04/25 v1.16 Key value parser (HO)
Package: kvdefinekeys 2011/04/07 v1.3 Define keys (HO)
Package: pdftexcmds 2011/11/29 v0.20 Utility functions of pdfTeX for LuaTeX (HO
)
Package pdftexcmds Info: LuaTeX not detected.
Package pdftexcmds Info: \pdf@primitive is available.
Package pdftexcmds Info: \pdf@ifprimitive is available.
Package pdftexcmds Info: \pdfdraftmode found.
Package: pdfescape 2011/11/25 v1.13 Implements pdfTeX's escape features (HO)
Package: bigintcalc 2012/04/08 v1.3 Expandable calculations on big integers (HO
)
Package: bitset 2011/01/30 v1.1 Handle bit-vector datatype (HO)
Package: uniquecounter 2011/01/30 v1.2 Provide unlimited unique counter (HO)
)
Package hobsub Info: Skipping package `hobsub' (already loaded).
Package: letltxmacro 2010/09/02 v1.4 Let assignment for LaTeX macros (HO)
Package: hopatch 2012/05/28 v1.2 Wrapper for package hooks (HO)
Package: xcolor-patch 2011/01/30 xcolor patch
Package: atveryend 2011/06/30 v1.8 Hooks at the very end of document (HO)
Package atveryend Info: \enddocument detected (standard20110627).
Package: atbegshi 2011/10/05 v1.16 At begin shipout hook (HO)
Package: refcount 2011/10/16 v3.4 Data extraction from label references (HO)
Package: hycolor 2011/01/30 v1.7 Color options for hyperref/bookmark (HO)
)
(/usr/share/texlive/texmf-dist/tex/generic/ifxetex/ifxetex.sty
Package: ifxetex 2010/09/12 v0.6 Provides ifxetex conditional
)
(/usr/share/texlive/texmf-dist/tex/latex/oberdiek/auxhook.sty
Package: auxhook 2011/03/04 v1.3 Hooks for auxiliary files (HO)
)
(/usr/share/texlive/texmf-dist/tex/latex/oberdiek/kvoptions.sty
Package: kvoptions 2011/06/30 v3.11 Key value format for package options (HO)
)
\@linkdim=\dimen111
\Hy@linkcounter=\count132
\Hy@pagecounter=\count133

(/usr/share/texlive/texmf-dist/tex/latex/hyperref/pd1enc.def
File: pd1enc.def 2012/11/06 v6.83m Hyperref: PDFDocEncoding definition (HO)
Now handling font encoding PD1 ...
... no UTF-8 mapping file for font encoding PD1
)
\Hy@SavedSpaceFactor=\count134

(/usr/share/texlive/texmf-dist/tex/latex/latexconfig/hyperref.cfg
File: hyperref.cfg 2002/06/06 v1.2 hyperref configuration of TeXLive
)
Package hyperref Info: Hyper figures OFF on input line 4443.
Package hyperref Info: Link nesting OFF on input line 4448.
Package hyperref Info: Hyper index ON on input line 4451.
Package hyperref Info: Plain pages OFF on input line 4458.
Package hyperref Info: Backreferencing OFF on input line 4463.
Package hyperref Info: Implicit mode ON; LaTeX internals redefined.
Package hyperref Info: Bookmarks ON on input line 4688.
\c@Hy@tempcnt=\count135

(/usr/share/texlive/texmf-dist/tex/latex/url/url.sty
\Urlmuskip=\muskip10
Package: url 2013/09/16  ver 3.4  Verb mode for urls, etc.
)
LaTeX Info: Redefining \url on input line 5041.
\XeTeXLinkMargin=\dimen112
\Fld@menulength=\count136
\Field@Width=\dimen113
\Fld@charsize=\dimen114
Package hyperref Info: Hyper figures OFF on input line 6295.
Package hyperref Info: Link nesting OFF on input line 6300.
Package hyperref Info: Hyper index ON on input line 6303.
Package hyperref Info: backreferencing OFF on input line 6310.
Package hyperref Info: Link coloring OFF on input line 6315.
Package hyperref Info: Link coloring with OCG OFF on input line 6320.
Package hyperref Info: PDF/A mode OFF on input line 6325.
LaTeX Info: Redefining \ref on input line 6365.
LaTeX Info: Redefining \pageref on input line 6369.
\Hy@abspage=\count137
\c@Item=\count138
\c@Hfootnote=\count139
)

Package hyperref Message: Driver (autodetected): hpdftex.

(/usr/share/texlive/texmf-dist/tex/latex/hyperref/hpdftex.def
File: hpdftex.def 2012/11/06 v6.83m Hyperref driver for pdfTeX
\Fld@listcount=\count140
\c@bookmark@seq@number=\count141

(/usr/share/texlive/texmf-dist/tex/latex/oberdiek/rerunfilecheck.sty
Package: rerunfilecheck 2011/04/15 v1.7 Rerun checks for auxiliary files (HO)
Package uniquecounter Info: New unique counter `rerunfilecheck' on input line 2
82.
)
\Hy@SectionHShift=\skip68
)
(./lab01.aux)
\openout1 = `lab01.aux'.

LaTeX Font Info:    Checking defaults for OML/cmm/m/it on input line 18.
LaTeX Font Info:    ... okay on input line 18.
LaTeX Font Info:    Checking defaults for T1/cmr/m/n on input line 18.
LaTeX Font Info:    ... okay on input line 18.
LaTeX Font Info:    Checking defaults for OT1/cmr/m/n on input line 18.
LaTeX Font Info:    ... okay on input line 18.
LaTeX Font Info:    Checking defaults for OMS/cmsy/m/n on input line 18.
LaTeX Font Info:    ... okay on input line 18.
LaTeX Font Info:    Checking defaults for OMX/cmex/m/n on input line 18.
LaTeX Font Info:    ... okay on input line 18.
LaTeX Font Info:    Checking defaults for U/cmr/m/n on input line 18.
LaTeX Font Info:    ... okay on input line 18.
LaTeX Font Info:    Checking defaults for PD1/pdf/m/n on input line 18.
LaTeX Font Info:    ... okay on input line 18.
 (/usr/share/texlive/texmf-dist/tex/context/base/supp-pdf.mkii
[Loading MPS to PDF converter (version 2006.09.02).]
\scratchcounter=\count142
\scratchdimen=\dimen115
\scratchbox=\box29
\nofMPsegments=\count143
\nofMParguments=\count144
\everyMPshowfont=\toks23
\MPscratchCnt=\count145
\MPscratchDim=\dimen116
\MPnumerator=\count146
\makeMPintoPDFobject=\count147
\everyMPtoPDFconversion=\toks24
)
\c@lstlisting=\count148
\AtBeginShipoutBox=\box30
Package hyperref Info: Link coloring OFF on input line 18.
 (/usr/share/texlive/texmf-dist/tex/latex/hyperref/nameref.sty
Package: nameref 2012/10/27 v2.43 Cross-referencing by name of section

(/usr/share/texlive/texmf-dist/tex/generic/oberdiek/gettitlestring.sty
Package: gettitlestring 2010/12/03 v1.4 Cleanup title references (HO)
)
\c@section@level=\count149
)
LaTeX Info: Redefining \ref on input line 18.
LaTeX Info: Redefining \pageref on input line 18.
LaTeX Info: Redefining \nameref on input line 18.

(./lab01.out) (./lab01.out)
\@outlinefile=\write3
\openout3 = `lab01.out'.

LaTeX Font Info:    External font `cmex10' loaded for size
(Font)              <12> on input line 20.
LaTeX Font Info:    External font `cmex10' loaded for size
(Font)              <8> on input line 20.
LaTeX Font Info:    External font `cmex10' loaded for size
(Font)              <6> on input line 20.

(/usr/share/texlive/texmf-dist/tex/latex/listings/lstlang1.sty
File: lstlang1.sty 2015/06/04 1.6 listings language file
)
(/usr/share/texlive/texmf-dist/tex/latex/listings/lstlang1.sty
File: lstlang1.sty 2015/06/04 1.6 listings language file
)
Overfull \hbox (78.14401pt too wide) in paragraph at lines 119--120
[][][][][][][][][][][][][][][][][][][] 
 []


Overfull \hbox (52.94406pt too wide) in paragraph at lines 120--121
[][][][][][][][][][] 
 []


Overfull \hbox (46.64407pt too wide) in paragraph at lines 121--122
[][][][][][] 
 []


Overfull \hbox (46.64407pt too wide) in paragraph at lines 122--123
[][][][][] 
 []


Overfull \hbox (52.94406pt too wide) in paragraph at lines 123--124
[][][][][][][] 
 []


Overfull \hbox (21.44412pt too wide) in paragraph at lines 124--125
[][][][][] 
 []


Overfull \hbox (46.64407pt too wide) in paragraph at lines 125--126
[][][][][] 
 []


Overfull \hbox (46.64407pt too wide) in paragraph at lines 126--127
[][][][][] 
 []


Overfull \hbox (52.94406pt too wide) in paragraph at lines 127--128
[][][][][][][] 
 []


Overfull \hbox (52.94406pt too wide) in paragraph at lines 128--129
[][][][][] 
 []


Overfull \hbox (40.34409pt too wide) in paragraph at lines 129--130
[][][][][] 
 []


Overfull \hbox (46.64407pt too wide) in paragraph at lines 130--131
[][][][][][][] 
 []


Overfull \hbox (34.0441pt too wide) in paragraph at lines 131--132
[][][][][][][] 
 []

[1

{/var/lib/texmf/fonts/map/pdftex/updmap/pdftex.map}]
Overfull \hbox (52.94406pt too wide) in paragraph at lines 132--134
[][][][][][] 
 []


Overfull \hbox (97.04398pt too wide) in paragraph at lines 134--135
[][][][][][][][][] 
 []


Overfull \hbox (52.94406pt too wide) in paragraph at lines 135--136
[][][][][] 
 []


Overfull \hbox (15.14413pt too wide) in paragraph at lines 136--137
[][][][][] 
 []


Overfull \hbox (59.24405pt too wide) in paragraph at lines 137--138
[][][][][][] 
 []


Overfull \hbox (40.34409pt too wide) in paragraph at lines 138--139
[][][][][] 
 []


Overfull \hbox (27.74411pt too wide) in paragraph at lines 139--140
[][][][][] 
 []


Overfull \hbox (65.54404pt too wide) in paragraph at lines 140--141
[][][][][][] 
 []


Overfull \hbox (52.94406pt too wide) in paragraph at lines 141--142
[][][][][][][][][][] 
 []


Overfull \hbox (46.64407pt too wide) in paragraph at lines 142--143
[][][][][] 
 []


Overfull \hbox (59.24405pt too wide) in paragraph at lines 143--144
[][][][][][] 
 []


Overfull \hbox (40.34409pt too wide) in paragraph at lines 144--145
[][][][][] 
 []


Overfull \hbox (46.64407pt too wide) in paragraph at lines 145--146
[][][][][][][] 
 []


Overfull \hbox (52.94406pt too wide) in paragraph at lines 146--147
[][][][][] 
 []


Overfull \hbox (59.24405pt too wide) in paragraph at lines 147--148
[][][][][] 
 []


Overfull \hbox (46.64407pt too wide) in paragraph at lines 148--149
[][][][][][][] 
 []


Overfull \hbox (267.14365pt too wide) in paragraph at lines 209--210
[][][][][][][] 
 []


Overfull \hbox (185.2438pt too wide) in paragraph at lines 210--211
[][][][][] 
 []


Overfull \hbox (210.44376pt too wide) in paragraph at lines 211--212
[][][][][][][] 
 []


Overfull \hbox (191.5438pt too wide) in paragraph at lines 212--213
[][][][][] 
 []


Overfull \hbox (197.84378pt too wide) in paragraph at lines 213--214
[][][][][] 
 []


Overfull \hbox (172.64383pt too wide) in paragraph at lines 214--215
[][][][][] 
 []


Overfull \hbox (185.2438pt too wide) in paragraph at lines 215--216
[][][][][] 
 []


Overfull \hbox (172.64383pt too wide) in paragraph at lines 216--217
[][][][][] 
 []


Overfull \hbox (197.84378pt too wide) in paragraph at lines 217--218
[][][][][] 
 []


Overfull \hbox (197.84378pt too wide) in paragraph at lines 218--219
[][][][][] 
 []


Overfull \hbox (185.2438pt too wide) in paragraph at lines 219--220
[][][][][] 
 []


Overfull \hbox (172.64383pt too wide) in paragraph at lines 220--221
[][][][][] 
 []


Overfull \hbox (204.14377pt too wide) in paragraph at lines 221--222
[][][][][] 
 []


Overfull \hbox (191.5438pt too wide) in paragraph at lines 222--223
[][][][][] 
 []


Overfull \hbox (185.2438pt too wide) in paragraph at lines 223--224
[][][][][] 
 []


Overfull \hbox (185.2438pt too wide) in paragraph at lines 224--225
[][][][][] 
 []


Overfull \hbox (166.34384pt too wide) in paragraph at lines 225--226
[][][][][] 
 []


Overfull \hbox (197.84378pt too wide) in paragraph at lines 226--227
[][][][][] 
 []


Overfull \hbox (191.5438pt too wide) in paragraph at lines 227--228
[][][][][] 
 []


Overfull \hbox (191.5438pt too wide) in paragraph at lines 228--229
[][][][][] 
 []


Overfull \hbox (178.94382pt too wide) in paragraph at lines 229--230
[][][][][] 
 []


Overfull \hbox (172.64383pt too wide) in paragraph at lines 230--231
[][][][][] 
 []


Overfull \hbox (204.14377pt too wide) in paragraph at lines 231--232
[][][][][] 
 []


Overfull \hbox (166.34384pt too wide) in paragraph at lines 232--233
[][][][][] 
 []


Overfull \hbox (191.5438pt too wide) in paragraph at lines 233--235
[][][][][][] 
 []


Overfull \hbox (191.5438pt too wide) in paragraph at lines 235--236
[][][][][] 
 []

[2]
Overfull \hbox (197.84378pt too wide) in paragraph at lines 236--237
[][][][][] 
 []


Overfull \hbox (172.64383pt too wide) in paragraph at lines 237--238
[][][][][] 
 []


Overfull \hbox (172.64383pt too wide) in paragraph at lines 238--239
[][][][][] 
 []


Overfull \hbox (185.2438pt too wide) in paragraph at lines 239--240
[][][][][] 
 []


Overfull \hbox (172.64383pt too wide) in paragraph at lines 240--241
[][][][][] 
 []


Overfull \hbox (197.84378pt too wide) in paragraph at lines 241--242
[][][][][] 
 []


Overfull \hbox (197.84378pt too wide) in paragraph at lines 242--243
[][][][][] 
 []


Overfull \hbox (185.2438pt too wide) in paragraph at lines 243--244
[][][][][] 
 []


Overfull \hbox (172.64383pt too wide) in paragraph at lines 244--245
[][][][][] 
 []


Overfull \hbox (172.64383pt too wide) in paragraph at lines 245--246
[][][][][] 
 []


Overfull \hbox (210.44376pt too wide) in paragraph at lines 246--247
[][][][][] 
 []


Overfull \hbox (191.5438pt too wide) in paragraph at lines 247--248
[][][][][] 
 []


Overfull \hbox (185.2438pt too wide) in paragraph at lines 248--249
[][][][][] 
 []


Overfull \hbox (185.2438pt too wide) in paragraph at lines 249--250
[][][][][] 
 []


Overfull \hbox (166.34384pt too wide) in paragraph at lines 250--251
[][][][][] 
 []


Overfull \hbox (197.84378pt too wide) in paragraph at lines 251--252
[][][][][] 
 []


Overfull \hbox (191.5438pt too wide) in paragraph at lines 252--253
[][][][][] 
 []


Overfull \hbox (191.5438pt too wide) in paragraph at lines 253--254
[][][][][] 
 []


Overfull \hbox (178.94382pt too wide) in paragraph at lines 254--255
[][][][][] 
 []


Overfull \hbox (172.64383pt too wide) in paragraph at lines 255--256
[][][][][] 
 []


Overfull \hbox (204.14377pt too wide) in paragraph at lines 256--257
[][][][][] 
 []


Overfull \hbox (166.34384pt too wide) in paragraph at lines 257--258
[][][][][] 
 []


Overfull \hbox (191.5438pt too wide) in paragraph at lines 258--259
[][][][][][] 
 []


Overfull \hbox (166.34384pt too wide) in paragraph at lines 259--260
[][][][][] 
 []


Overfull \hbox (197.84378pt too wide) in paragraph at lines 260--261
[][][][][] 
 []


Overfull \hbox (191.5438pt too wide) in paragraph at lines 261--262
[][][][][] 
 []


Overfull \hbox (191.5438pt too wide) in paragraph at lines 262--263
[][][][][] 
 []


Overfull \hbox (178.94382pt too wide) in paragraph at lines 263--264
[][][][][] 
 []


Overfull \hbox (172.64383pt too wide) in paragraph at lines 264--265
[][][][][] 
 []


Overfull \hbox (204.14377pt too wide) in paragraph at lines 265--266
[][][][][] 
 []


Overfull \hbox (166.34384pt too wide) in paragraph at lines 266--267
[][][][][] 
 []


Overfull \hbox (191.5438pt too wide) in paragraph at lines 267--268
[][][][][][] 
 []


Overfull \hbox (166.34384pt too wide) in paragraph at lines 268--269
[][][][][] 
 []


Overfull \hbox (197.84378pt too wide) in paragraph at lines 269--270
[][][][][] 
 []


Overfull \hbox (191.5438pt too wide) in paragraph at lines 270--271
[][][][][] 
 []


Overfull \hbox (191.5438pt too wide) in paragraph at lines 271--272
[][][][][] 
 []


Overfull \hbox (178.94382pt too wide) in paragraph at lines 272--273
[][][][][] 
 []


Overfull \hbox (172.64383pt too wide) in paragraph at lines 273--274
[][][][][] 
 []


Overfull \hbox (204.14377pt too wide) in paragraph at lines 274--275
[][][][][] 
 []


Overfull \hbox (166.34384pt too wide) in paragraph at lines 275--276
[][][][][] 
 []


Overfull \hbox (191.5438pt too wide) in paragraph at lines 276--277
[][][][][][] 
 []


Overfull \hbox (166.34384pt too wide) in paragraph at lines 277--278
[][][][][] 
 []


Overfull \hbox (197.84378pt too wide) in paragraph at lines 278--279
[][][][][] 
 []


Overfull \hbox (191.5438pt too wide) in paragraph at lines 279--280
[][][][][] 
 []


Overfull \hbox (191.5438pt too wide) in paragraph at lines 280--281
[][][][][] 
 []


Overfull \hbox (178.94382pt too wide) in paragraph at lines 281--282
[][][][][] 
 []


Overfull \hbox (172.64383pt too wide) in paragraph at lines 282--283
[][][][][] 
 []


Overfull \hbox (204.14377pt too wide) in paragraph at lines 283--284
[][][][][] 
 []


Overfull \hbox (166.34384pt too wide) in paragraph at lines 284--285
[][][][][] 
 []


Overfull \hbox (191.5438pt too wide) in paragraph at lines 285--286
[][][][][][] 
 []


Overfull \hbox (185.2438pt too wide) in paragraph at lines 286--287
[][][][][] 
 []


Overfull \hbox (166.34384pt too wide) in paragraph at lines 287--288
[][][][][] 
 []


Overfull \hbox (197.84378pt too wide) in paragraph at lines 288--289
[][][][][] 
 []

[3]
Overfull \hbox (191.5438pt too wide) in paragraph at lines 289--290
[][][][][] 
 []


Overfull \hbox (191.5438pt too wide) in paragraph at lines 290--291
[][][][][] 
 []


Overfull \hbox (178.94382pt too wide) in paragraph at lines 291--292
[][][][][] 
 []


Overfull \hbox (172.64383pt too wide) in paragraph at lines 292--293
[][][][][] 
 []


Overfull \hbox (204.14377pt too wide) in paragraph at lines 293--294
[][][][][] 
 []


Overfull \hbox (166.34384pt too wide) in paragraph at lines 294--295
[][][][][] 
 []


Overfull \hbox (191.5438pt too wide) in paragraph at lines 295--296
[][][][][][] 
 []


Overfull \hbox (380.54343pt too wide) in paragraph at lines 316--317
[][][][][][][][][][][][][][][][][][][] 
 []


Overfull \hbox (330.14352pt too wide) in paragraph at lines 317--318
[][][][][] 
 []


Overfull \hbox (336.44351pt too wide) in paragraph at lines 318--319
[][][][][][][] 
 []


Overfull \hbox (323.84354pt too wide) in paragraph at lines 319--320
[][][][][][] 
 []


Overfull \hbox (349.04349pt too wide) in paragraph at lines 320--321
[][][][][] 
 []


Overfull \hbox (361.64346pt too wide) in paragraph at lines 321--322
[][][][][][] 
 []


Overfull \hbox (342.7435pt too wide) in paragraph at lines 322--323
[][][][][] 
 []


Overfull \hbox (330.14352pt too wide) in paragraph at lines 323--324
[][][][][] 
 []


Overfull \hbox (323.84354pt too wide) in paragraph at lines 324--325
[][][][][] 
 []


Overfull \hbox (355.34348pt too wide) in paragraph at lines 325--326
[][][][][] 
 []


Overfull \hbox (361.64346pt too wide) in paragraph at lines 326--327
[][][][][] 
 []


Overfull \hbox (349.04349pt too wide) in paragraph at lines 327--329
[][][][][][][] 
 []


Overfull \hbox (336.44351pt too wide) in paragraph at lines 329--330
[][][][][][][] 
 []


Overfull \hbox (323.84354pt too wide) in paragraph at lines 330--331
[][][][][][] 
 []


Overfull \hbox (349.04349pt too wide) in paragraph at lines 331--332
[][][][][][] 
 []


Overfull \hbox (349.04349pt too wide) in paragraph at lines 332--333
[][][][][] 
 []


Overfull \hbox (323.84354pt too wide) in paragraph at lines 333--334
[][][][][] 
 []


Overfull \hbox (323.84354pt too wide) in paragraph at lines 334--335
[][][][][] 
 []


Overfull \hbox (336.44351pt too wide) in paragraph at lines 335--336
[][][][][] 
 []


Overfull \hbox (323.84354pt too wide) in paragraph at lines 336--337
[][][][][] 
 []


Overfull \hbox (349.04349pt too wide) in paragraph at lines 337--338
[][][][][] 
 []


Overfull \hbox (349.04349pt too wide) in paragraph at lines 338--339
[][][][][] 
 []


Overfull \hbox (336.44351pt too wide) in paragraph at lines 339--340
[][][][][] 
 []


Overfull \hbox (323.84354pt too wide) in paragraph at lines 340--341
[][][][][] 
 []


Overfull \hbox (323.84354pt too wide) in paragraph at lines 341--342
[][][][][] 
 []


Overfull \hbox (361.64346pt too wide) in paragraph at lines 342--343
[][][][][] 
 []


Overfull \hbox (342.7435pt too wide) in paragraph at lines 343--344
[][][][][] 
 []


Overfull \hbox (336.44351pt too wide) in paragraph at lines 344--345
[][][][][] 
 []


Overfull \hbox (317.54355pt too wide) in paragraph at lines 345--346
[][][][][] 
 []


Overfull \hbox (336.44351pt too wide) in paragraph at lines 346--347
[][][][][][][] 
 []


Overfull \hbox (342.7435pt too wide) in paragraph at lines 347--349
[][][][][] 
 []


Overfull \hbox (330.14352pt too wide) in paragraph at lines 349--350
[][][][][][][] 
 []


Overfull \hbox (349.04349pt too wide) in paragraph at lines 350--351
[][][][][] 
 []


Overfull \hbox (323.84354pt too wide) in paragraph at lines 351--352
[][][][][][][] 
 []


Overfull \hbox (342.7435pt too wide) in paragraph at lines 352--353
[][][][][][][] 
 []


Overfull \hbox (336.44351pt too wide) in paragraph at lines 353--354
[][][][][] 
 []


Overfull \hbox (355.34348pt too wide) in paragraph at lines 354--355
[][][][][][] 
 []


Overfull \hbox (323.84354pt too wide) in paragraph at lines 355--356
[][][][][][][] 
 []


Overfull \hbox (424.64334pt too wide) in paragraph at lines 356--357
[][][][][][][][][] 
 []


Overfull \hbox (380.54343pt too wide) in paragraph at lines 357--358
[][][][][] 
 []

[4]
Overfull \hbox (342.7435pt too wide) in paragraph at lines 358--359
[][][][][] 
 []


Overfull \hbox (386.84341pt too wide) in paragraph at lines 359--360
[][][][][][] 
 []


Overfull \hbox (367.94345pt too wide) in paragraph at lines 360--361
[][][][][] 
 []


Overfull \hbox (355.34348pt too wide) in paragraph at lines 361--362
[][][][][] 
 []


Overfull \hbox (393.1434pt too wide) in paragraph at lines 362--363
[][][][][][] 
 []


Overfull \hbox (386.84341pt too wide) in paragraph at lines 363--364
[][][][][][][] 
 []


Overfull \hbox (374.24344pt too wide) in paragraph at lines 364--365
[][][][][][] 
 []


Overfull \hbox (399.44339pt too wide) in paragraph at lines 365--366
[][][][][] 
 []


Overfull \hbox (405.74338pt too wide) in paragraph at lines 366--367
[][][][][] 
 []


Overfull \hbox (367.94345pt too wide) in paragraph at lines 367--368
[][][][][] 
 []


Overfull \hbox (393.1434pt too wide) in paragraph at lines 368--369
[][][][][] 
 []


Overfull \hbox (380.54343pt too wide) in paragraph at lines 369--370
[][][][][] 
 []


Overfull \hbox (374.24344pt too wide) in paragraph at lines 370--371
[][][][][] 
 []


Overfull \hbox (405.74338pt too wide) in paragraph at lines 371--372
[][][][][] 
 []


Overfull \hbox (412.04337pt too wide) in paragraph at lines 372--373
[][][][][] 
 []


Overfull \hbox (399.44339pt too wide) in paragraph at lines 373--374
[][][][][][][] 
 []


Overfull \hbox (386.84341pt too wide) in paragraph at lines 374--375
[][][][][][][] 
 []


Overfull \hbox (80.79678pt too wide) in paragraph at lines 475--496
[]\OT1/cmr/m/n/10 Pomo^^Scu na-redbe \OT1/cmtt/m/n/10 wget -r --no-parent -nH -
nc -R "index.html*" --cut-dirs=1 http://close.port0.org/lab1/
 []


Overfull \hbox (7.34702pt too wide) in paragraph at lines 539--563
\OT1/cmr/m/n/10 teke re-kur-zivno iz va^^Tseg mati^^Tcnog di-rek-to-rija. Iz-la
z pre-us-mje-rite u tek-s-tu-alnu da-to-teku u \OT1/cmtt/m/n/10 /tmp/lab1.dat\O
T1/cmr/m/n/10 . 
 []


Overfull \hbox (632.54294pt too wide) in paragraph at lines 575--576
[][][][][][][][][][][][][][][][][][][] 
 []


Overfull \hbox (607.34299pt too wide) in paragraph at lines 576--577
[][][][][] 
 []


Overfull \hbox (632.54294pt too wide) in paragraph at lines 577--578
[][][][][][][] 
 []


Overfull \hbox (695.54282pt too wide) in paragraph at lines 578--579
[][][][][][][][][][] 
 []


Overfull \hbox (619.94296pt too wide) in paragraph at lines 579--580
[][][][][] 
 []


Overfull \hbox (645.14291pt too wide) in paragraph at lines 580--581
[][][][][][][] 
 []


Overfull \hbox (638.84293pt too wide) in paragraph at lines 581--582
[][][][][][][] 
 []


Overfull \hbox (638.84293pt too wide) in paragraph at lines 582--583
[][][][][] 
 []


Overfull \hbox (651.4429pt too wide) in paragraph at lines 583--584
[][][][][][][] 
 []


Overfull \hbox (682.94284pt too wide) in paragraph at lines 584--585
[][][][][] 
 []


Overfull \hbox (714.44278pt too wide) in paragraph at lines 585--586
[][][][][][][] 
 []

[5] [6]
This exam contains 0 questions with 0 parts, 0 subparts, and 0 subsubparts.
Package atveryend Info: Empty hook `BeforeClearDocument' on input line 660.
Package atveryend Info: Empty hook `AfterLastShipout' on input line 660.
(./lab01.aux)
Package atveryend Info: Executing hook `AtVeryEndDocument' on input line 660.
Package atveryend Info: Executing hook `AtEndAfterFileList' on input line 660.
Package rerunfilecheck Info: File `lab01.out' has not changed.
(rerunfilecheck)             Checksum: D41D8CD98F00B204E9800998ECF8427E;0.
Package atveryend Info: Empty hook `AtVeryVeryEnd' on input line 660.
 ) 
Here is how much of TeX's memory you used:
 8824 strings out of 494374
 121503 string characters out of 6164954
 256436 words of memory out of 5000000
 11895 multiletter control sequences out of 15000+600000
 7150 words of font info for 26 fonts, out of 8000000 for 9000
 350 hyphenation exceptions out of 8191
 33i,11n,51p,342b,1975s stack positions out of 5000i,500n,10000p,200000b,80000s
</usr/share/texlive/texmf-dist/fonts/type1/public/amsfonts/cm/cmbx12.pfb></us
r/share/texlive/texmf-dist/fonts/type1/public/amsfonts/cm/cmr10.pfb></usr/share
/texlive/texmf-dist/fonts/type1/public/amsfonts/cm/cmr12.pfb></usr/share/texliv
e/texmf-dist/fonts/type1/public/amsfonts/cm/cmr17.pfb></usr/share/texlive/texmf
-dist/fonts/type1/public/amsfonts/cm/cmtt10.pfb>
Output written on lab01.pdf (6 pages, 80897 bytes).
PDF statistics:
 289 PDF objects out of 1000 (max. 8388607)
 273 compressed objects within 3 object streams
 201 named destinations out of 1000 (max. 500000)
 1 words of extra memory for PDF output out of 10000 (max. 10000000)

